E:\PROJECT\DEBUG\PROJECT.EXE
E:\PROJECT\DEBUG\PROJECT.ILK
E:\PROJECT\DEBUG\PROJECT.PDB
E:\PROJECT\PROJECT\DEBUG\.NETFRAMEWORK,VERSION=V4.0.ASSEMBLYATTRIBUTES.OBJ
E:\PROJECT\PROJECT\DEBUG\APP.RES
E:\PROJECT\PROJECT\DEBUG\ASSEMBLYINFO.OBJ
E:\PROJECT\PROJECT\DEBUG\FORM2.OBJ
E:\PROJECT\PROJECT\DEBUG\FORM3.OBJ
E:\PROJECT\PROJECT\DEBUG\FORM4.OBJ
E:\PROJECT\PROJECT\DEBUG\FORM5.OBJ
E:\PROJECT\PROJECT\DEBUG\PROJECT.EXE.INTERMEDIATE.MANIFEST
E:\PROJECT\PROJECT\DEBUG\PROJECT.OBJ
E:\PROJECT\PROJECT\DEBUG\PROJECT.PCH
E:\PROJECT\PROJECT\DEBUG\STDAFX.OBJ
E:\PROJECT\PROJECT\DEBUG\VC100.PDB
E:\Summer training project\project\Debug\project.exe
E:\Summer training project\project\Debug\project.ilk
E:\Summer training project\project\Debug\project.pdb
E:\Summer training project\project\project\Debug\.NETFramework,Version=v4.0.AssemblyAttributes.obj
E:\Summer training project\project\project\Debug\app.res
E:\Summer training project\project\project\Debug\AssemblyInfo.obj
E:\Summer training project\project\project\Debug\cl.command.1.tlog
E:\Summer training project\project\project\Debug\CL.read.1.tlog
E:\Summer training project\project\project\Debug\CL.write.1.tlog
E:\Summer training project\project\project\Debug\Form2.obj
E:\Summer training project\project\project\Debug\Form3.obj
E:\Summer training project\project\project\Debug\Form4.obj
E:\Summer training project\project\project\Debug\Form5.obj
E:\Summer training project\project\project\Debug\link.2324.read.1.tlog
E:\Summer training project\project\project\Debug\link.2324.write.1.tlog
E:\Summer training project\project\project\Debug\link.2324-cvtres.read.1.tlog
E:\Summer training project\project\project\Debug\link.2324-cvtres.write.1.tlog
E:\Summer training project\project\project\Debug\link.3528.read.1.tlog
E:\Summer training project\project\project\Debug\link.3528.write.1.tlog
E:\Summer training project\project\project\Debug\link.3528-cvtres.read.1.tlog
E:\Summer training project\project\project\Debug\link.3528-cvtres.write.1.tlog
E:\Summer training project\project\project\Debug\link.command.1.tlog
E:\Summer training project\project\project\Debug\link.read.1.tlog
E:\Summer training project\project\project\Debug\link.write.1.tlog
E:\Summer training project\project\project\Debug\mt.command.1.tlog
E:\Summer training project\project\project\Debug\mt.read.1.tlog
E:\Summer training project\project\project\Debug\mt.write.1.tlog
E:\Summer training project\project\project\Debug\project.exe.intermediate.manifest
E:\Summer training project\project\project\Debug\project.Form1.resources
E:\Summer training project\project\project\Debug\project.Form2.resources
E:\Summer training project\project\project\Debug\project.Form3.resources
E:\Summer training project\project\project\Debug\project.Form4.resources
E:\Summer training project\project\project\Debug\project.Form5.resources
E:\Summer training project\project\project\Debug\project.obj
E:\Summer training project\project\project\Debug\project.pch
E:\Summer training project\project\project\Debug\project.vcxproj.GenerateResource.Cache
E:\Summer training project\project\project\Debug\project.vcxprojResolveAssemblyReference.cache
E:\Summer training project\project\project\Debug\project.write.1.tlog
E:\Summer training project\project\project\Debug\rc.command.1.tlog
E:\Summer training project\project\project\Debug\rc.read.1.tlog
E:\Summer training project\project\project\Debug\rc.write.1.tlog
E:\Summer training project\project\project\Debug\stdafx.obj
E:\Summer training project\project\project\Debug\vc100.pdb
